<?xml version="1.0" encoding="UTF-8"?>
<!-- Generated by org.testng.reporters.JUnitReportReporter -->
<testsuite hostname="DESKTOP-O83SFJ3" failures="0" tests="1" name="Othoba_Automation_LOGIN.Othoba_Automation_LoginTest" time="41.707" errors="0" timestamp="2022-11-04T11:43:47 BDT" skipped="0">
  <testcase classname="Othoba_Automation_LOGIN.Othoba_Automation_LoginTest" name="WebAutomation" time="41.707"/>
  <system-out/>
</testsuite> <!-- Othoba_Automation_LOGIN.Othoba_Automation_LoginTest -->
